ERROR - 2024-04-15 16:11:08 --> ErrorException: SQLite3::query(): Unable to prepare statement: 1, no such table: users in G:\Users\jeancampos\Downloads\framework-4.4.7\framework-4.4.7\system\Database\SQLite3\Connection.php:146
Stack trace:
#0 [internal function]: CodeIgniter\Debug\Exceptions->errorHandler(2, 'SQLite3::query(...', 'G:\\Users\\jeanca...', 146)
#1 G:\Users\jeancampos\Downloads\framework-4.4.7\framework-4.4.7\system\Database\SQLite3\Connection.php(146): SQLite3->query('SELECT *\nFROM `...')
#2 G:\Users\jeancampos\Downloads\framework-4.4.7\framework-4.4.7\system\Database\BaseConnection.php(693): CodeIgniter\Database\SQLite3\Connection->execute('SELECT *\nFROM `...')
#3 G:\Users\jeancampos\Downloads\framework-4.4.7\framework-4.4.7\system\Database\BaseConnection.php(607): CodeIgniter\Database\BaseConnection->simpleQuery('SELECT *\nFROM `...')
#4 G:\Users\jeancampos\Downloads\framework-4.4.7\framework-4.4.7\system\Database\BaseBuilder.php(1616): CodeIgniter\Database\BaseConnection->query('SELECT *\nFROM `...', Array, false)
#5 G:\Users\jeancampos\Downloads\framework-4.4.7\framework-4.4.7\system\Model.php(243): CodeIgniter\Database\BaseBuilder->get()
#6 G:\Users\jeancampos\Downloads\framework-4.4.7\framework-4.4.7\system\BaseModel.php(638): CodeIgniter\Model->doFindAll(0, 0)
#7 G:\Users\jeancampos\Downloads\framework-4.4.7\framework-4.4.7\app\Controllers\ActionsCRUD.php(30): CodeIgniter\BaseModel->findAll()
#8 G:\Users\jeancampos\Downloads\framework-4.4.7\framework-4.4.7\system\CodeIgniter.php(943): App\Controllers\ActionsCRUD->select()
#9 G:\Users\jeancampos\Downloads\framework-4.4.7\framework-4.4.7\system\CodeIgniter.php(503): CodeIgniter\CodeIgniter->runController(Object(App\Controllers\ActionsCRUD))
#10 G:\Users\jeancampos\Downloads\framework-4.4.7\framework-4.4.7\system\CodeIgniter.php(361): CodeIgniter\CodeIgniter->handleRequest(NULL, Object(Config\Cache), false)
#11 G:\Users\jeancampos\Downloads\framework-4.4.7\framework-4.4.7\public\index.php(79): CodeIgniter\CodeIgniter->run()
#12 {main}
CRITICAL - 2024-04-15 16:11:08 --> CodeIgniter\Database\Exceptions\DatabaseException: SQLite3::query(): Unable to prepare statement: 1, no such table: users
in SYSTEMPATH\Database\BaseConnection.php on line 647.
 1 SYSTEMPATH\Database\BaseBuilder.php(1616): CodeIgniter\Database\BaseConnection->query('SELECT *
FROM `users`', [], false)
 2 SYSTEMPATH\Model.php(243): CodeIgniter\Database\BaseBuilder->get()
 3 SYSTEMPATH\BaseModel.php(638): CodeIgniter\Model->doFindAll(0, 0)
 4 APPPATH\Controllers\ActionsCRUD.php(30): CodeIgniter\BaseModel->findAll()
 5 SYSTEMPATH\CodeIgniter.php(943): App\Controllers\ActionsCRUD->select()
 6 SYSTEMPATH\CodeIgniter.php(503): CodeIgniter\CodeIgniter->runController(Object(App\Controllers\ActionsCRUD))
 7 SYSTEMPATH\CodeIgniter.php(361): CodeIgniter\CodeIgniter->handleRequest(null, Object(Config\Cache), false)
 8 FCPATH\index.php(79): CodeIgniter\CodeIgniter->run()
CRITICAL - 2024-04-15 16:11:08 --> [Caused by] CodeIgniter\Database\Exceptions\DatabaseException: SQLite3::query(): Unable to prepare statement: 1, no such table: users
in SYSTEMPATH\Database\SQLite3\Connection.php on line 151.
 1 SYSTEMPATH\Database\BaseConnection.php(693): CodeIgniter\Database\SQLite3\Connection->execute('SELECT *
FROM `users`')
 2 SYSTEMPATH\Database\BaseConnection.php(607): CodeIgniter\Database\BaseConnection->simpleQuery('SELECT *
FROM `users`')
 3 SYSTEMPATH\Database\BaseBuilder.php(1616): CodeIgniter\Database\BaseConnection->query('SELECT *
FROM `users`', [], false)
 4 SYSTEMPATH\Model.php(243): CodeIgniter\Database\BaseBuilder->get()
 5 SYSTEMPATH\BaseModel.php(638): CodeIgniter\Model->doFindAll(0, 0)
 6 APPPATH\Controllers\ActionsCRUD.php(30): CodeIgniter\BaseModel->findAll()
 7 SYSTEMPATH\CodeIgniter.php(943): App\Controllers\ActionsCRUD->select()
 8 SYSTEMPATH\CodeIgniter.php(503): CodeIgniter\CodeIgniter->runController(Object(App\Controllers\ActionsCRUD))
 9 SYSTEMPATH\CodeIgniter.php(361): CodeIgniter\CodeIgniter->handleRequest(null, Object(Config\Cache), false)
10 FCPATH\index.php(79): CodeIgniter\CodeIgniter->run()
CRITICAL - 2024-04-15 16:11:08 --> [Caused by] ErrorException: SQLite3::query(): Unable to prepare statement: 1, no such table: users
in SYSTEMPATH\Database\SQLite3\Connection.php on line 146.
 1 [internal function]: CodeIgniter\Debug\Exceptions->errorHandler(2, 'SQLite3::query(): Unable to prepare statement: 1, no such table: users', 'G:\\Users\\jeancampos\\Downloads\\framework-4.4.7\\framework-4.4.7\\system\\Database\\SQLite3\\Connection.php', 146)
 2 SYSTEMPATH\Database\SQLite3\Connection.php(146): SQLite3->query('SELECT *
FROM `users`')
 3 SYSTEMPATH\Database\BaseConnection.php(693): CodeIgniter\Database\SQLite3\Connection->execute('SELECT *
FROM `users`')
 4 SYSTEMPATH\Database\BaseConnection.php(607): CodeIgniter\Database\BaseConnection->simpleQuery('SELECT *
FROM `users`')
 5 SYSTEMPATH\Database\BaseBuilder.php(1616): CodeIgniter\Database\BaseConnection->query('SELECT *
FROM `users`', [], false)
 6 SYSTEMPATH\Model.php(243): CodeIgniter\Database\BaseBuilder->get()
 7 SYSTEMPATH\BaseModel.php(638): CodeIgniter\Model->doFindAll(0, 0)
 8 APPPATH\Controllers\ActionsCRUD.php(30): CodeIgniter\BaseModel->findAll()
 9 SYSTEMPATH\CodeIgniter.php(943): App\Controllers\ActionsCRUD->select()
10 SYSTEMPATH\CodeIgniter.php(503): CodeIgniter\CodeIgniter->runController(Object(App\Controllers\ActionsCRUD))
11 SYSTEMPATH\CodeIgniter.php(361): CodeIgniter\CodeIgniter->handleRequest(null, Object(Config\Cache), false)
12 FCPATH\index.php(79): CodeIgniter\CodeIgniter->run()
ERROR - 2024-04-15 16:11:10 --> ErrorException: SQLite3::query(): Unable to prepare statement: 1, no such table: users in G:\Users\jeancampos\Downloads\framework-4.4.7\framework-4.4.7\system\Database\SQLite3\Connection.php:146
Stack trace:
#0 [internal function]: CodeIgniter\Debug\Exceptions->errorHandler(2, 'SQLite3::query(...', 'G:\\Users\\jeanca...', 146)
#1 G:\Users\jeancampos\Downloads\framework-4.4.7\framework-4.4.7\system\Database\SQLite3\Connection.php(146): SQLite3->query('SELECT *\nFROM `...')
#2 G:\Users\jeancampos\Downloads\framework-4.4.7\framework-4.4.7\system\Database\BaseConnection.php(693): CodeIgniter\Database\SQLite3\Connection->execute('SELECT *\nFROM `...')
#3 G:\Users\jeancampos\Downloads\framework-4.4.7\framework-4.4.7\system\Database\BaseConnection.php(607): CodeIgniter\Database\BaseConnection->simpleQuery('SELECT *\nFROM `...')
#4 G:\Users\jeancampos\Downloads\framework-4.4.7\framework-4.4.7\system\Database\BaseBuilder.php(1616): CodeIgniter\Database\BaseConnection->query('SELECT *\nFROM `...', Array, false)
#5 G:\Users\jeancampos\Downloads\framework-4.4.7\framework-4.4.7\system\Model.php(243): CodeIgniter\Database\BaseBuilder->get()
#6 G:\Users\jeancampos\Downloads\framework-4.4.7\framework-4.4.7\system\BaseModel.php(638): CodeIgniter\Model->doFindAll(0, 0)
#7 G:\Users\jeancampos\Downloads\framework-4.4.7\framework-4.4.7\app\Controllers\ActionsCRUD.php(30): CodeIgniter\BaseModel->findAll()
#8 G:\Users\jeancampos\Downloads\framework-4.4.7\framework-4.4.7\system\CodeIgniter.php(943): App\Controllers\ActionsCRUD->select()
#9 G:\Users\jeancampos\Downloads\framework-4.4.7\framework-4.4.7\system\CodeIgniter.php(503): CodeIgniter\CodeIgniter->runController(Object(App\Controllers\ActionsCRUD))
#10 G:\Users\jeancampos\Downloads\framework-4.4.7\framework-4.4.7\system\CodeIgniter.php(361): CodeIgniter\CodeIgniter->handleRequest(NULL, Object(Config\Cache), false)
#11 G:\Users\jeancampos\Downloads\framework-4.4.7\framework-4.4.7\public\index.php(79): CodeIgniter\CodeIgniter->run()
#12 {main}
CRITICAL - 2024-04-15 16:11:10 --> CodeIgniter\Database\Exceptions\DatabaseException: SQLite3::query(): Unable to prepare statement: 1, no such table: users
in SYSTEMPATH\Database\BaseConnection.php on line 647.
 1 SYSTEMPATH\Database\BaseBuilder.php(1616): CodeIgniter\Database\BaseConnection->query('SELECT *
FROM `users`', [], false)
 2 SYSTEMPATH\Model.php(243): CodeIgniter\Database\BaseBuilder->get()
 3 SYSTEMPATH\BaseModel.php(638): CodeIgniter\Model->doFindAll(0, 0)
 4 APPPATH\Controllers\ActionsCRUD.php(30): CodeIgniter\BaseModel->findAll()
 5 SYSTEMPATH\CodeIgniter.php(943): App\Controllers\ActionsCRUD->select()
 6 SYSTEMPATH\CodeIgniter.php(503): CodeIgniter\CodeIgniter->runController(Object(App\Controllers\ActionsCRUD))
 7 SYSTEMPATH\CodeIgniter.php(361): CodeIgniter\CodeIgniter->handleRequest(null, Object(Config\Cache), false)
 8 FCPATH\index.php(79): CodeIgniter\CodeIgniter->run()
CRITICAL - 2024-04-15 16:11:10 --> [Caused by] CodeIgniter\Database\Exceptions\DatabaseException: SQLite3::query(): Unable to prepare statement: 1, no such table: users
in SYSTEMPATH\Database\SQLite3\Connection.php on line 151.
 1 SYSTEMPATH\Database\BaseConnection.php(693): CodeIgniter\Database\SQLite3\Connection->execute('SELECT *
FROM `users`')
 2 SYSTEMPATH\Database\BaseConnection.php(607): CodeIgniter\Database\BaseConnection->simpleQuery('SELECT *
FROM `users`')
 3 SYSTEMPATH\Database\BaseBuilder.php(1616): CodeIgniter\Database\BaseConnection->query('SELECT *
FROM `users`', [], false)
 4 SYSTEMPATH\Model.php(243): CodeIgniter\Database\BaseBuilder->get()
 5 SYSTEMPATH\BaseModel.php(638): CodeIgniter\Model->doFindAll(0, 0)
 6 APPPATH\Controllers\ActionsCRUD.php(30): CodeIgniter\BaseModel->findAll()
 7 SYSTEMPATH\CodeIgniter.php(943): App\Controllers\ActionsCRUD->select()
 8 SYSTEMPATH\CodeIgniter.php(503): CodeIgniter\CodeIgniter->runController(Object(App\Controllers\ActionsCRUD))
 9 SYSTEMPATH\CodeIgniter.php(361): CodeIgniter\CodeIgniter->handleRequest(null, Object(Config\Cache), false)
10 FCPATH\index.php(79): CodeIgniter\CodeIgniter->run()
CRITICAL - 2024-04-15 16:11:10 --> [Caused by] ErrorException: SQLite3::query(): Unable to prepare statement: 1, no such table: users
in SYSTEMPATH\Database\SQLite3\Connection.php on line 146.
 1 [internal function]: CodeIgniter\Debug\Exceptions->errorHandler(2, 'SQLite3::query(): Unable to prepare statement: 1, no such table: users', 'G:\\Users\\jeancampos\\Downloads\\framework-4.4.7\\framework-4.4.7\\system\\Database\\SQLite3\\Connection.php', 146)
 2 SYSTEMPATH\Database\SQLite3\Connection.php(146): SQLite3->query('SELECT *
FROM `users`')
 3 SYSTEMPATH\Database\BaseConnection.php(693): CodeIgniter\Database\SQLite3\Connection->execute('SELECT *
FROM `users`')
 4 SYSTEMPATH\Database\BaseConnection.php(607): CodeIgniter\Database\BaseConnection->simpleQuery('SELECT *
FROM `users`')
 5 SYSTEMPATH\Database\BaseBuilder.php(1616): CodeIgniter\Database\BaseConnection->query('SELECT *
FROM `users`', [], false)
 6 SYSTEMPATH\Model.php(243): CodeIgniter\Database\BaseBuilder->get()
 7 SYSTEMPATH\BaseModel.php(638): CodeIgniter\Model->doFindAll(0, 0)
 8 APPPATH\Controllers\ActionsCRUD.php(30): CodeIgniter\BaseModel->findAll()
 9 SYSTEMPATH\CodeIgniter.php(943): App\Controllers\ActionsCRUD->select()
10 SYSTEMPATH\CodeIgniter.php(503): CodeIgniter\CodeIgniter->runController(Object(App\Controllers\ActionsCRUD))
11 SYSTEMPATH\CodeIgniter.php(361): CodeIgniter\CodeIgniter->handleRequest(null, Object(Config\Cache), false)
12 FCPATH\index.php(79): CodeIgniter\CodeIgniter->run()
INFO - 2024-04-15 17:34:22 --> Session: Class initialized using 'CodeIgniter\Session\Handlers\FileHandler' driver.
INFO - 2024-04-15 17:34:28 --> Session: Class initialized using 'CodeIgniter\Session\Handlers\FileHandler' driver.
INFO - 2024-04-15 17:34:34 --> Session: Class initialized using 'CodeIgniter\Session\Handlers\FileHandler' driver.
INFO - 2024-04-15 17:34:34 --> Session: Class initialized using 'CodeIgniter\Session\Handlers\FileHandler' driver.
INFO - 2024-04-15 17:34:37 --> Session: Class initialized using 'CodeIgniter\Session\Handlers\FileHandler' driver.
INFO - 2024-04-15 17:48:27 --> Session: Class initialized using 'CodeIgniter\Session\Handlers\FileHandler' driver.
INFO - 2024-04-15 17:48:33 --> Session: Class initialized using 'CodeIgniter\Session\Handlers\FileHandler' driver.
CRITICAL - 2024-04-15 17:48:33 --> Error: Call to undefined function App\Controllers\listErrors()
in APPPATH\Controllers\ActionsCRUD.php on line 24.
 1 SYSTEMPATH\CodeIgniter.php(943): App\Controllers\ActionsCRUD->cadastrar()
 2 SYSTEMPATH\CodeIgniter.php(503): CodeIgniter\CodeIgniter->runController(Object(App\Controllers\ActionsCRUD))
 3 SYSTEMPATH\CodeIgniter.php(361): CodeIgniter\CodeIgniter->handleRequest(null, Object(Config\Cache), false)
 4 FCPATH\index.php(79): CodeIgniter\CodeIgniter->run()
INFO - 2024-04-15 17:49:59 --> Session: Class initialized using 'CodeIgniter\Session\Handlers\FileHandler' driver.
INFO - 2024-04-15 17:50:01 --> Session: Class initialized using 'CodeIgniter\Session\Handlers\FileHandler' driver.
CRITICAL - 2024-04-15 17:50:01 --> Error: Call to a member function listErrors() on null
in APPPATH\Controllers\ActionsCRUD.php on line 24.
 1 SYSTEMPATH\CodeIgniter.php(943): App\Controllers\ActionsCRUD->cadastrar()
 2 SYSTEMPATH\CodeIgniter.php(503): CodeIgniter\CodeIgniter->runController(Object(App\Controllers\ActionsCRUD))
 3 SYSTEMPATH\CodeIgniter.php(361): CodeIgniter\CodeIgniter->handleRequest(null, Object(Config\Cache), false)
 4 FCPATH\index.php(79): CodeIgniter\CodeIgniter->run()
INFO - 2024-04-15 17:50:12 --> Session: Class initialized using 'CodeIgniter\Session\Handlers\FileHandler' driver.
INFO - 2024-04-15 17:50:14 --> Session: Class initialized using 'CodeIgniter\Session\Handlers\FileHandler' driver.
CRITICAL - 2024-04-15 17:50:14 --> Error: Call to a member function listErrors() on null
in APPPATH\Controllers\ActionsCRUD.php on line 24.
 1 SYSTEMPATH\CodeIgniter.php(943): App\Controllers\ActionsCRUD->cadastrar()
 2 SYSTEMPATH\CodeIgniter.php(503): CodeIgniter\CodeIgniter->runController(Object(App\Controllers\ActionsCRUD))
 3 SYSTEMPATH\CodeIgniter.php(361): CodeIgniter\CodeIgniter->handleRequest(null, Object(Config\Cache), false)
 4 FCPATH\index.php(79): CodeIgniter\CodeIgniter->run()
INFO - 2024-04-15 17:55:01 --> Session: Class initialized using 'CodeIgniter\Session\Handlers\FileHandler' driver.
INFO - 2024-04-15 17:55:03 --> Session: Class initialized using 'CodeIgniter\Session\Handlers\FileHandler' driver.
CRITICAL - 2024-04-15 17:55:03 --> BadMethodCallException: Call to undefined method App\Models\Users_table::listErrors
in SYSTEMPATH\Model.php on line 879.
 1 APPPATH\Controllers\ActionsCRUD.php(24): CodeIgniter\Model->__call('listErrors', [])
 2 SYSTEMPATH\CodeIgniter.php(943): App\Controllers\ActionsCRUD->cadastrar()
 3 SYSTEMPATH\CodeIgniter.php(503): CodeIgniter\CodeIgniter->runController(Object(App\Controllers\ActionsCRUD))
 4 SYSTEMPATH\CodeIgniter.php(361): CodeIgniter\CodeIgniter->handleRequest(null, Object(Config\Cache), false)
 5 FCPATH\index.php(79): CodeIgniter\CodeIgniter->run()
INFO - 2024-04-15 17:55:16 --> Session: Class initialized using 'CodeIgniter\Session\Handlers\FileHandler' driver.
INFO - 2024-04-15 17:55:17 --> Session: Class initialized using 'CodeIgniter\Session\Handlers\FileHandler' driver.
CRITICAL - 2024-04-15 17:55:17 --> Error: Call to a member function listErrors() on null
in APPPATH\Controllers\ActionsCRUD.php on line 24.
 1 SYSTEMPATH\CodeIgniter.php(943): App\Controllers\ActionsCRUD->cadastrar()
 2 SYSTEMPATH\CodeIgniter.php(503): CodeIgniter\CodeIgniter->runController(Object(App\Controllers\ActionsCRUD))
 3 SYSTEMPATH\CodeIgniter.php(361): CodeIgniter\CodeIgniter->handleRequest(null, Object(Config\Cache), false)
 4 FCPATH\index.php(79): CodeIgniter\CodeIgniter->run()
INFO - 2024-04-15 17:59:57 --> Session: Class initialized using 'CodeIgniter\Session\Handlers\FileHandler' driver.
INFO - 2024-04-15 17:59:59 --> Session: Class initialized using 'CodeIgniter\Session\Handlers\FileHandler' driver.
CRITICAL - 2024-04-15 17:59:59 --> Error: Call to a member function listErrors() on null
in APPPATH\Controllers\ActionsCRUD.php on line 24.
 1 SYSTEMPATH\CodeIgniter.php(943): App\Controllers\ActionsCRUD->cadastrar()
 2 SYSTEMPATH\CodeIgniter.php(503): CodeIgniter\CodeIgniter->runController(Object(App\Controllers\ActionsCRUD))
 3 SYSTEMPATH\CodeIgniter.php(361): CodeIgniter\CodeIgniter->handleRequest(null, Object(Config\Cache), false)
 4 FCPATH\index.php(79): CodeIgniter\CodeIgniter->run()
INFO - 2024-04-15 18:03:20 --> Session: Class initialized using 'CodeIgniter\Session\Handlers\FileHandler' driver.
INFO - 2024-04-15 18:03:22 --> Session: Class initialized using 'CodeIgniter\Session\Handlers\FileHandler' driver.
CRITICAL - 2024-04-15 18:03:22 --> Error: Call to undefined method CodeIgniter\HTTP\RedirectResponse::setErrors()
in APPPATH\Controllers\ActionsCRUD.php on line 24.
 1 SYSTEMPATH\CodeIgniter.php(943): App\Controllers\ActionsCRUD->cadastrar()
 2 SYSTEMPATH\CodeIgniter.php(503): CodeIgniter\CodeIgniter->runController(Object(App\Controllers\ActionsCRUD))
 3 SYSTEMPATH\CodeIgniter.php(361): CodeIgniter\CodeIgniter->handleRequest(null, Object(Config\Cache), false)
 4 FCPATH\index.php(79): CodeIgniter\CodeIgniter->run()
INFO - 2024-04-15 18:03:38 --> Session: Class initialized using 'CodeIgniter\Session\Handlers\FileHandler' driver.
INFO - 2024-04-15 18:05:46 --> Session: Class initialized using 'CodeIgniter\Session\Handlers\FileHandler' driver.
INFO - 2024-04-15 18:05:53 --> Session: Class initialized using 'CodeIgniter\Session\Handlers\FileHandler' driver.
CRITICAL - 2024-04-15 18:05:53 --> Error: Call to a member function listErrors() on null
in APPPATH\Controllers\ActionsCRUD.php on line 25.
 1 SYSTEMPATH\CodeIgniter.php(943): App\Controllers\ActionsCRUD->cadastrar()
 2 SYSTEMPATH\CodeIgniter.php(503): CodeIgniter\CodeIgniter->runController(Object(App\Controllers\ActionsCRUD))
 3 SYSTEMPATH\CodeIgniter.php(361): CodeIgniter\CodeIgniter->handleRequest(null, Object(Config\Cache), false)
 4 FCPATH\index.php(79): CodeIgniter\CodeIgniter->run()
INFO - 2024-04-15 18:07:12 --> Session: Class initialized using 'CodeIgniter\Session\Handlers\FileHandler' driver.
INFO - 2024-04-15 18:07:13 --> Session: Class initialized using 'CodeIgniter\Session\Handlers\FileHandler' driver.
INFO - 2024-04-15 18:07:18 --> Session: Class initialized using 'CodeIgniter\Session\Handlers\FileHandler' driver.
CRITICAL - 2024-04-15 18:07:18 --> Error: Call to a member function listErrors() on null
in APPPATH\Controllers\ActionsCRUD.php on line 25.
 1 SYSTEMPATH\CodeIgniter.php(943): App\Controllers\ActionsCRUD->cadastrar()
 2 SYSTEMPATH\CodeIgniter.php(503): CodeIgniter\CodeIgniter->runController(Object(App\Controllers\ActionsCRUD))
 3 SYSTEMPATH\CodeIgniter.php(361): CodeIgniter\CodeIgniter->handleRequest(null, Object(Config\Cache), false)
 4 FCPATH\index.php(79): CodeIgniter\CodeIgniter->run()
INFO - 2024-04-15 18:09:33 --> Session: Class initialized using 'CodeIgniter\Session\Handlers\FileHandler' driver.
INFO - 2024-04-15 18:09:34 --> Session: Class initialized using 'CodeIgniter\Session\Handlers\FileHandler' driver.
INFO - 2024-04-15 18:09:40 --> Session: Class initialized using 'CodeIgniter\Session\Handlers\FileHandler' driver.
CRITICAL - 2024-04-15 18:09:40 --> Error: Call to a member function listErrors() on null
in APPPATH\Controllers\ActionsCRUD.php on line 25.
 1 SYSTEMPATH\CodeIgniter.php(943): App\Controllers\ActionsCRUD->cadastrar()
 2 SYSTEMPATH\CodeIgniter.php(503): CodeIgniter\CodeIgniter->runController(Object(App\Controllers\ActionsCRUD))
 3 SYSTEMPATH\CodeIgniter.php(361): CodeIgniter\CodeIgniter->handleRequest(null, Object(Config\Cache), false)
 4 FCPATH\index.php(79): CodeIgniter\CodeIgniter->run()
INFO - 2024-04-15 18:12:03 --> Session: Class initialized using 'CodeIgniter\Session\Handlers\FileHandler' driver.
INFO - 2024-04-15 18:12:04 --> Session: Class initialized using 'CodeIgniter\Session\Handlers\FileHandler' driver.
CRITICAL - 2024-04-15 18:12:04 --> BadMethodCallException: Call to undefined method App\Models\Users_table::listErrors
in SYSTEMPATH\Model.php on line 879.
 1 APPPATH\Controllers\ActionsCRUD.php(25): CodeIgniter\Model->__call('listErrors', [])
 2 SYSTEMPATH\CodeIgniter.php(943): App\Controllers\ActionsCRUD->cadastrar()
 3 SYSTEMPATH\CodeIgniter.php(503): CodeIgniter\CodeIgniter->runController(Object(App\Controllers\ActionsCRUD))
 4 SYSTEMPATH\CodeIgniter.php(361): CodeIgniter\CodeIgniter->handleRequest(null, Object(Config\Cache), false)
 5 FCPATH\index.php(79): CodeIgniter\CodeIgniter->run()
INFO - 2024-04-15 18:13:35 --> Session: Class initialized using 'CodeIgniter\Session\Handlers\FileHandler' driver.
INFO - 2024-04-15 18:13:36 --> Session: Class initialized using 'CodeIgniter\Session\Handlers\FileHandler' driver.
CRITICAL - 2024-04-15 18:13:36 --> ErrorException: Undefined variable $validator
in APPPATH\Controllers\ActionsCRUD.php on line 25.
 1 APPPATH\Controllers\ActionsCRUD.php(25): CodeIgniter\Debug\Exceptions->errorHandler(2, 'Undefined variable $validator', 'G:\\Users\\jeancampos\\Downloads\\framework-4.4.7\\framework-4.4.7\\app\\Controllers\\ActionsCRUD.php', 25)
 2 SYSTEMPATH\CodeIgniter.php(943): App\Controllers\ActionsCRUD->cadastrar()
 3 SYSTEMPATH\CodeIgniter.php(503): CodeIgniter\CodeIgniter->runController(Object(App\Controllers\ActionsCRUD))
 4 SYSTEMPATH\CodeIgniter.php(361): CodeIgniter\CodeIgniter->handleRequest(null, Object(Config\Cache), false)
 5 FCPATH\index.php(79): CodeIgniter\CodeIgniter->run()
INFO - 2024-04-15 18:13:38 --> Session: Class initialized using 'CodeIgniter\Session\Handlers\FileHandler' driver.
INFO - 2024-04-15 18:13:49 --> Session: Class initialized using 'CodeIgniter\Session\Handlers\FileHandler' driver.
INFO - 2024-04-15 18:13:55 --> Session: Class initialized using 'CodeIgniter\Session\Handlers\FileHandler' driver.
CRITICAL - 2024-04-15 18:13:55 --> BadMethodCallException: Call to undefined method App\Models\Users_table::validator
in SYSTEMPATH\Model.php on line 879.
 1 APPPATH\Controllers\ActionsCRUD.php(25): CodeIgniter\Model->__call('validator', [])
 2 SYSTEMPATH\CodeIgniter.php(943): App\Controllers\ActionsCRUD->cadastrar()
 3 SYSTEMPATH\CodeIgniter.php(503): CodeIgniter\CodeIgniter->runController(Object(App\Controllers\ActionsCRUD))
 4 SYSTEMPATH\CodeIgniter.php(361): CodeIgniter\CodeIgniter->handleRequest(null, Object(Config\Cache), false)
 5 FCPATH\index.php(79): CodeIgniter\CodeIgniter->run()
INFO - 2024-04-15 18:14:44 --> Session: Class initialized using 'CodeIgniter\Session\Handlers\FileHandler' driver.
INFO - 2024-04-15 18:14:45 --> Session: Class initialized using 'CodeIgniter\Session\Handlers\FileHandler' driver.
INFO - 2024-04-15 18:14:45 --> Session: Class initialized using 'CodeIgniter\Session\Handlers\FileHandler' driver.
INFO - 2024-04-15 18:15:02 --> Session: Class initialized using 'CodeIgniter\Session\Handlers\FileHandler' driver.
INFO - 2024-04-15 18:15:07 --> Session: Class initialized using 'CodeIgniter\Session\Handlers\FileHandler' driver.
INFO - 2024-04-15 18:15:08 --> Session: Class initialized using 'CodeIgniter\Session\Handlers\FileHandler' driver.
CRITICAL - 2024-04-15 18:15:08 --> ErrorException: Array to string conversion
in APPPATH\Views\cadastroUser.php on line 9.
 1 APPPATH\Views\cadastroUser.php(9): CodeIgniter\Debug\Exceptions->errorHandler(2, 'Array to string conversion', 'G:\\Users\\jeancampos\\Downloads\\framework-4.4.7\\framework-4.4.7\\app\\Views\\cadastroUser.php', 9)
 2 SYSTEMPATH\View\View.php(228): include('G:\\Users\\jeancampos\\Downloads\\framework-4.4.7\\framework-4.4.7\\app\\Views\\cadastroUser.php')
 3 SYSTEMPATH\View\View.php(231): CodeIgniter\View\View->CodeIgniter\View\{closure}()
 4 SYSTEMPATH\Common.php(1178): CodeIgniter\View\View->render('cadastroUser', [], true)
 5 APPPATH\Controllers\ActionsCRUD.php(9): view('cadastroUser')
 6 SYSTEMPATH\CodeIgniter.php(943): App\Controllers\ActionsCRUD->index()
 7 SYSTEMPATH\CodeIgniter.php(503): CodeIgniter\CodeIgniter->runController(Object(App\Controllers\ActionsCRUD))
 8 SYSTEMPATH\CodeIgniter.php(361): CodeIgniter\CodeIgniter->handleRequest(null, Object(Config\Cache), false)
 9 FCPATH\index.php(79): CodeIgniter\CodeIgniter->run()
INFO - 2024-04-15 18:15:59 --> Session: Class initialized using 'CodeIgniter\Session\Handlers\FileHandler' driver.
INFO - 2024-04-15 18:16:05 --> Session: Class initialized using 'CodeIgniter\Session\Handlers\FileHandler' driver.
INFO - 2024-04-15 18:16:05 --> Session: Class initialized using 'CodeIgniter\Session\Handlers\FileHandler' driver.
CRITICAL - 2024-04-15 18:16:05 --> ErrorException: Array to string conversion
in APPPATH\Views\cadastroUser.php on line 9.
 1 APPPATH\Views\cadastroUser.php(9): CodeIgniter\Debug\Exceptions->errorHandler(2, 'Array to string conversion', 'G:\\Users\\jeancampos\\Downloads\\framework-4.4.7\\framework-4.4.7\\app\\Views\\cadastroUser.php', 9)
 2 SYSTEMPATH\View\View.php(228): include('G:\\Users\\jeancampos\\Downloads\\framework-4.4.7\\framework-4.4.7\\app\\Views\\cadastroUser.php')
 3 SYSTEMPATH\View\View.php(231): CodeIgniter\View\View->CodeIgniter\View\{closure}()
 4 SYSTEMPATH\Common.php(1178): CodeIgniter\View\View->render('cadastroUser', [], true)
 5 APPPATH\Controllers\ActionsCRUD.php(9): view('cadastroUser')
 6 SYSTEMPATH\CodeIgniter.php(943): App\Controllers\ActionsCRUD->index()
 7 SYSTEMPATH\CodeIgniter.php(503): CodeIgniter\CodeIgniter->runController(Object(App\Controllers\ActionsCRUD))
 8 SYSTEMPATH\CodeIgniter.php(361): CodeIgniter\CodeIgniter->handleRequest(null, Object(Config\Cache), false)
 9 FCPATH\index.php(79): CodeIgniter\CodeIgniter->run()
INFO - 2024-04-15 18:16:27 --> Session: Class initialized using 'CodeIgniter\Session\Handlers\FileHandler' driver.
INFO - 2024-04-15 18:16:30 --> Session: Class initialized using 'CodeIgniter\Session\Handlers\FileHandler' driver.
INFO - 2024-04-15 18:16:30 --> Session: Class initialized using 'CodeIgniter\Session\Handlers\FileHandler' driver.
INFO - 2024-04-15 18:17:33 --> Session: Class initialized using 'CodeIgniter\Session\Handlers\FileHandler' driver.
INFO - 2024-04-15 18:17:38 --> Session: Class initialized using 'CodeIgniter\Session\Handlers\FileHandler' driver.
INFO - 2024-04-15 18:17:38 --> Session: Class initialized using 'CodeIgniter\Session\Handlers\FileHandler' driver.
CRITICAL - 2024-04-15 18:17:38 --> ErrorException: Undefined array key "user_name"
in APPPATH\Views\cadastroUser.php on line 21.
 1 APPPATH\Views\cadastroUser.php(21): CodeIgniter\Debug\Exceptions->errorHandler(2, 'Undefined array key "user_name"', 'G:\\Users\\jeancampos\\Downloads\\framework-4.4.7\\framework-4.4.7\\app\\Views\\cadastroUser.php', 21)
 2 SYSTEMPATH\View\View.php(228): include('G:\\Users\\jeancampos\\Downloads\\framework-4.4.7\\framework-4.4.7\\app\\Views\\cadastroUser.php')
 3 SYSTEMPATH\View\View.php(231): CodeIgniter\View\View->CodeIgniter\View\{closure}()
 4 SYSTEMPATH\Common.php(1178): CodeIgniter\View\View->render('cadastroUser', [], true)
 5 APPPATH\Controllers\ActionsCRUD.php(9): view('cadastroUser')
 6 SYSTEMPATH\CodeIgniter.php(943): App\Controllers\ActionsCRUD->index()
 7 SYSTEMPATH\CodeIgniter.php(503): CodeIgniter\CodeIgniter->runController(Object(App\Controllers\ActionsCRUD))
 8 SYSTEMPATH\CodeIgniter.php(361): CodeIgniter\CodeIgniter->handleRequest(null, Object(Config\Cache), false)
 9 FCPATH\index.php(79): CodeIgniter\CodeIgniter->run()
INFO - 2024-04-15 18:18:06 --> Session: Class initialized using 'CodeIgniter\Session\Handlers\FileHandler' driver.
INFO - 2024-04-15 18:18:09 --> Session: Class initialized using 'CodeIgniter\Session\Handlers\FileHandler' driver.
INFO - 2024-04-15 18:18:10 --> Session: Class initialized using 'CodeIgniter\Session\Handlers\FileHandler' driver.
CRITICAL - 2024-04-15 18:18:10 --> ErrorException: Undefined array key "user_name"
in APPPATH\Views\cadastroUser.php on line 21.
 1 APPPATH\Views\cadastroUser.php(21): CodeIgniter\Debug\Exceptions->errorHandler(2, 'Undefined array key "user_name"', 'G:\\Users\\jeancampos\\Downloads\\framework-4.4.7\\framework-4.4.7\\app\\Views\\cadastroUser.php', 21)
 2 SYSTEMPATH\View\View.php(228): include('G:\\Users\\jeancampos\\Downloads\\framework-4.4.7\\framework-4.4.7\\app\\Views\\cadastroUser.php')
 3 SYSTEMPATH\View\View.php(231): CodeIgniter\View\View->CodeIgniter\View\{closure}()
 4 SYSTEMPATH\Common.php(1178): CodeIgniter\View\View->render('cadastroUser', [], true)
 5 APPPATH\Controllers\ActionsCRUD.php(9): view('cadastroUser')
 6 SYSTEMPATH\CodeIgniter.php(943): App\Controllers\ActionsCRUD->index()
 7 SYSTEMPATH\CodeIgniter.php(503): CodeIgniter\CodeIgniter->runController(Object(App\Controllers\ActionsCRUD))
 8 SYSTEMPATH\CodeIgniter.php(361): CodeIgniter\CodeIgniter->handleRequest(null, Object(Config\Cache), false)
 9 FCPATH\index.php(79): CodeIgniter\CodeIgniter->run()
INFO - 2024-04-15 18:19:27 --> Session: Class initialized using 'CodeIgniter\Session\Handlers\FileHandler' driver.
INFO - 2024-04-15 18:19:30 --> Session: Class initialized using 'CodeIgniter\Session\Handlers\FileHandler' driver.
INFO - 2024-04-15 18:19:30 --> Session: Class initialized using 'CodeIgniter\Session\Handlers\FileHandler' driver.
CRITICAL - 2024-04-15 18:19:30 --> ErrorException: Undefined array key "password"
in APPPATH\Views\cadastroUser.php on line 31.
 1 APPPATH\Views\cadastroUser.php(31): CodeIgniter\Debug\Exceptions->errorHandler(2, 'Undefined array key "password"', 'G:\\Users\\jeancampos\\Downloads\\framework-4.4.7\\framework-4.4.7\\app\\Views\\cadastroUser.php', 31)
 2 SYSTEMPATH\View\View.php(228): include('G:\\Users\\jeancampos\\Downloads\\framework-4.4.7\\framework-4.4.7\\app\\Views\\cadastroUser.php')
 3 SYSTEMPATH\View\View.php(231): CodeIgniter\View\View->CodeIgniter\View\{closure}()
 4 SYSTEMPATH\Common.php(1178): CodeIgniter\View\View->render('cadastroUser', [], true)
 5 APPPATH\Controllers\ActionsCRUD.php(9): view('cadastroUser')
 6 SYSTEMPATH\CodeIgniter.php(943): App\Controllers\ActionsCRUD->index()
 7 SYSTEMPATH\CodeIgniter.php(503): CodeIgniter\CodeIgniter->runController(Object(App\Controllers\ActionsCRUD))
 8 SYSTEMPATH\CodeIgniter.php(361): CodeIgniter\CodeIgniter->handleRequest(null, Object(Config\Cache), false)
 9 FCPATH\index.php(79): CodeIgniter\CodeIgniter->run()
INFO - 2024-04-15 18:19:50 --> Session: Class initialized using 'CodeIgniter\Session\Handlers\FileHandler' driver.
INFO - 2024-04-15 18:19:53 --> Session: Class initialized using 'CodeIgniter\Session\Handlers\FileHandler' driver.
INFO - 2024-04-15 18:19:53 --> Session: Class initialized using 'CodeIgniter\Session\Handlers\FileHandler' driver.
INFO - 2024-04-15 18:19:58 --> Session: Class initialized using 'CodeIgniter\Session\Handlers\FileHandler' driver.
INFO - 2024-04-15 18:21:25 --> Session: Class initialized using 'CodeIgniter\Session\Handlers\FileHandler' driver.
INFO - 2024-04-15 18:21:30 --> Session: Class initialized using 'CodeIgniter\Session\Handlers\FileHandler' driver.
INFO - 2024-04-15 18:21:30 --> Session: Class initialized using 'CodeIgniter\Session\Handlers\FileHandler' driver.
CRITICAL - 2024-04-15 18:21:30 --> ErrorException: Undefined array key "user_name"
in APPPATH\Views\cadastroUser.php on line 21.
 1 APPPATH\Views\cadastroUser.php(21): CodeIgniter\Debug\Exceptions->errorHandler(2, 'Undefined array key "user_name"', 'G:\\Users\\jeancampos\\Downloads\\framework-4.4.7\\framework-4.4.7\\app\\Views\\cadastroUser.php', 21)
 2 SYSTEMPATH\View\View.php(228): include('G:\\Users\\jeancampos\\Downloads\\framework-4.4.7\\framework-4.4.7\\app\\Views\\cadastroUser.php')
 3 SYSTEMPATH\View\View.php(231): CodeIgniter\View\View->CodeIgniter\View\{closure}()
 4 SYSTEMPATH\Common.php(1178): CodeIgniter\View\View->render('cadastroUser', [], true)
 5 APPPATH\Controllers\ActionsCRUD.php(9): view('cadastroUser')
 6 SYSTEMPATH\CodeIgniter.php(943): App\Controllers\ActionsCRUD->index()
 7 SYSTEMPATH\CodeIgniter.php(503): CodeIgniter\CodeIgniter->runController(Object(App\Controllers\ActionsCRUD))
 8 SYSTEMPATH\CodeIgniter.php(361): CodeIgniter\CodeIgniter->handleRequest(null, Object(Config\Cache), false)
 9 FCPATH\index.php(79): CodeIgniter\CodeIgniter->run()
INFO - 2024-04-15 18:26:42 --> Session: Class initialized using 'CodeIgniter\Session\Handlers\FileHandler' driver.
INFO - 2024-04-15 18:26:47 --> Session: Class initialized using 'CodeIgniter\Session\Handlers\FileHandler' driver.
INFO - 2024-04-15 18:26:47 --> Session: Class initialized using 'CodeIgniter\Session\Handlers\FileHandler' driver.
CRITICAL - 2024-04-15 18:26:47 --> ErrorException: Undefined array key "password"
in APPPATH\Views\cadastroUser.php on line 31.
 1 APPPATH\Views\cadastroUser.php(31): CodeIgniter\Debug\Exceptions->errorHandler(2, 'Undefined array key "password"', 'G:\\Users\\jeancampos\\Downloads\\framework-4.4.7\\framework-4.4.7\\app\\Views\\cadastroUser.php', 31)
 2 SYSTEMPATH\View\View.php(228): include('G:\\Users\\jeancampos\\Downloads\\framework-4.4.7\\framework-4.4.7\\app\\Views\\cadastroUser.php')
 3 SYSTEMPATH\View\View.php(231): CodeIgniter\View\View->CodeIgniter\View\{closure}()
 4 SYSTEMPATH\Common.php(1178): CodeIgniter\View\View->render('cadastroUser', [], true)
 5 APPPATH\Controllers\ActionsCRUD.php(9): view('cadastroUser')
 6 SYSTEMPATH\CodeIgniter.php(943): App\Controllers\ActionsCRUD->index()
 7 SYSTEMPATH\CodeIgniter.php(503): CodeIgniter\CodeIgniter->runController(Object(App\Controllers\ActionsCRUD))
 8 SYSTEMPATH\CodeIgniter.php(361): CodeIgniter\CodeIgniter->handleRequest(null, Object(Config\Cache), false)
 9 FCPATH\index.php(79): CodeIgniter\CodeIgniter->run()
INFO - 2024-04-15 18:26:51 --> Session: Class initialized using 'CodeIgniter\Session\Handlers\FileHandler' driver.
INFO - 2024-04-15 18:27:04 --> Session: Class initialized using 'CodeIgniter\Session\Handlers\FileHandler' driver.
INFO - 2024-04-15 18:27:04 --> Session: Class initialized using 'CodeIgniter\Session\Handlers\FileHandler' driver.
CRITICAL - 2024-04-15 18:27:04 --> ErrorException: Undefined array key "password"
in APPPATH\Views\cadastroUser.php on line 31.
 1 APPPATH\Views\cadastroUser.php(31): CodeIgniter\Debug\Exceptions->errorHandler(2, 'Undefined array key "password"', 'G:\\Users\\jeancampos\\Downloads\\framework-4.4.7\\framework-4.4.7\\app\\Views\\cadastroUser.php', 31)
 2 SYSTEMPATH\View\View.php(228): include('G:\\Users\\jeancampos\\Downloads\\framework-4.4.7\\framework-4.4.7\\app\\Views\\cadastroUser.php')
 3 SYSTEMPATH\View\View.php(231): CodeIgniter\View\View->CodeIgniter\View\{closure}()
 4 SYSTEMPATH\Common.php(1178): CodeIgniter\View\View->render('cadastroUser', [], true)
 5 APPPATH\Controllers\ActionsCRUD.php(9): view('cadastroUser')
 6 SYSTEMPATH\CodeIgniter.php(943): App\Controllers\ActionsCRUD->index()
 7 SYSTEMPATH\CodeIgniter.php(503): CodeIgniter\CodeIgniter->runController(Object(App\Controllers\ActionsCRUD))
 8 SYSTEMPATH\CodeIgniter.php(361): CodeIgniter\CodeIgniter->handleRequest(null, Object(Config\Cache), false)
 9 FCPATH\index.php(79): CodeIgniter\CodeIgniter->run()
INFO - 2024-04-15 18:27:06 --> Session: Class initialized using 'CodeIgniter\Session\Handlers\FileHandler' driver.
INFO - 2024-04-15 18:27:19 --> Session: Class initialized using 'CodeIgniter\Session\Handlers\FileHandler' driver.
INFO - 2024-04-15 18:27:22 --> Session: Class initialized using 'CodeIgniter\Session\Handlers\FileHandler' driver.
INFO - 2024-04-15 18:27:24 --> Session: Class initialized using 'CodeIgniter\Session\Handlers\FileHandler' driver.
INFO - 2024-04-15 18:27:24 --> Session: Class initialized using 'CodeIgniter\Session\Handlers\FileHandler' driver.
CRITICAL - 2024-04-15 18:27:24 --> ErrorException: Undefined array key "password"
in APPPATH\Views\cadastroUser.php on line 31.
 1 APPPATH\Views\cadastroUser.php(31): CodeIgniter\Debug\Exceptions->errorHandler(2, 'Undefined array key "password"', 'G:\\Users\\jeancampos\\Downloads\\framework-4.4.7\\framework-4.4.7\\app\\Views\\cadastroUser.php', 31)
 2 SYSTEMPATH\View\View.php(228): include('G:\\Users\\jeancampos\\Downloads\\framework-4.4.7\\framework-4.4.7\\app\\Views\\cadastroUser.php')
 3 SYSTEMPATH\View\View.php(231): CodeIgniter\View\View->CodeIgniter\View\{closure}()
 4 SYSTEMPATH\Common.php(1178): CodeIgniter\View\View->render('cadastroUser', [], true)
 5 APPPATH\Controllers\ActionsCRUD.php(9): view('cadastroUser')
 6 SYSTEMPATH\CodeIgniter.php(943): App\Controllers\ActionsCRUD->index()
 7 SYSTEMPATH\CodeIgniter.php(503): CodeIgniter\CodeIgniter->runController(Object(App\Controllers\ActionsCRUD))
 8 SYSTEMPATH\CodeIgniter.php(361): CodeIgniter\CodeIgniter->handleRequest(null, Object(Config\Cache), false)
 9 FCPATH\index.php(79): CodeIgniter\CodeIgniter->run()
INFO - 2024-04-15 18:27:26 --> Session: Class initialized using 'CodeIgniter\Session\Handlers\FileHandler' driver.
INFO - 2024-04-15 18:28:14 --> Session: Class initialized using 'CodeIgniter\Session\Handlers\FileHandler' driver.
INFO - 2024-04-15 18:28:21 --> Session: Class initialized using 'CodeIgniter\Session\Handlers\FileHandler' driver.
INFO - 2024-04-15 18:28:21 --> Session: Class initialized using 'CodeIgniter\Session\Handlers\FileHandler' driver.
INFO - 2024-04-15 18:29:25 --> Session: Class initialized using 'CodeIgniter\Session\Handlers\FileHandler' driver.
INFO - 2024-04-15 18:29:26 --> Session: Class initialized using 'CodeIgniter\Session\Handlers\FileHandler' driver.
INFO - 2024-04-15 18:29:33 --> Session: Class initialized using 'CodeIgniter\Session\Handlers\FileHandler' driver.
INFO - 2024-04-15 18:29:33 --> Session: Class initialized using 'CodeIgniter\Session\Handlers\FileHandler' driver.
CRITICAL - 2024-04-15 18:29:33 --> ErrorException: Undefined array key "password"
in APPPATH\Views\cadastroUser.php on line 31.
 1 APPPATH\Views\cadastroUser.php(31): CodeIgniter\Debug\Exceptions->errorHandler(2, 'Undefined array key "password"', 'G:\\Users\\jeancampos\\Downloads\\framework-4.4.7\\framework-4.4.7\\app\\Views\\cadastroUser.php', 31)
 2 SYSTEMPATH\View\View.php(228): include('G:\\Users\\jeancampos\\Downloads\\framework-4.4.7\\framework-4.4.7\\app\\Views\\cadastroUser.php')
 3 SYSTEMPATH\View\View.php(231): CodeIgniter\View\View->CodeIgniter\View\{closure}()
 4 SYSTEMPATH\Common.php(1178): CodeIgniter\View\View->render('cadastroUser', [], true)
 5 APPPATH\Controllers\ActionsCRUD.php(9): view('cadastroUser')
 6 SYSTEMPATH\CodeIgniter.php(943): App\Controllers\ActionsCRUD->index()
 7 SYSTEMPATH\CodeIgniter.php(503): CodeIgniter\CodeIgniter->runController(Object(App\Controllers\ActionsCRUD))
 8 SYSTEMPATH\CodeIgniter.php(361): CodeIgniter\CodeIgniter->handleRequest(null, Object(Config\Cache), false)
 9 FCPATH\index.php(79): CodeIgniter\CodeIgniter->run()
INFO - 2024-04-15 18:29:52 --> Session: Class initialized using 'CodeIgniter\Session\Handlers\FileHandler' driver.
INFO - 2024-04-15 18:29:54 --> Session: Class initialized using 'CodeIgniter\Session\Handlers\FileHandler' driver.
INFO - 2024-04-15 18:29:54 --> Session: Class initialized using 'CodeIgniter\Session\Handlers\FileHandler' driver.
CRITICAL - 2024-04-15 18:29:54 --> ErrorException: Undefined array key "password"
in APPPATH\Views\cadastroUser.php on line 31.
 1 APPPATH\Views\cadastroUser.php(31): CodeIgniter\Debug\Exceptions->errorHandler(2, 'Undefined array key "password"', 'G:\\Users\\jeancampos\\Downloads\\framework-4.4.7\\framework-4.4.7\\app\\Views\\cadastroUser.php', 31)
 2 SYSTEMPATH\View\View.php(228): include('G:\\Users\\jeancampos\\Downloads\\framework-4.4.7\\framework-4.4.7\\app\\Views\\cadastroUser.php')
 3 SYSTEMPATH\View\View.php(231): CodeIgniter\View\View->CodeIgniter\View\{closure}()
 4 SYSTEMPATH\Common.php(1178): CodeIgniter\View\View->render('cadastroUser', [], true)
 5 APPPATH\Controllers\ActionsCRUD.php(9): view('cadastroUser')
 6 SYSTEMPATH\CodeIgniter.php(943): App\Controllers\ActionsCRUD->index()
 7 SYSTEMPATH\CodeIgniter.php(503): CodeIgniter\CodeIgniter->runController(Object(App\Controllers\ActionsCRUD))
 8 SYSTEMPATH\CodeIgniter.php(361): CodeIgniter\CodeIgniter->handleRequest(null, Object(Config\Cache), false)
 9 FCPATH\index.php(79): CodeIgniter\CodeIgniter->run()
INFO - 2024-04-15 18:29:56 --> Session: Class initialized using 'CodeIgniter\Session\Handlers\FileHandler' driver.
INFO - 2024-04-15 18:29:57 --> Session: Class initialized using 'CodeIgniter\Session\Handlers\FileHandler' driver.
INFO - 2024-04-15 18:29:58 --> Session: Class initialized using 'CodeIgniter\Session\Handlers\FileHandler' driver.
INFO - 2024-04-15 18:29:58 --> Session: Class initialized using 'CodeIgniter\Session\Handlers\FileHandler' driver.
INFO - 2024-04-15 18:30:02 --> Session: Class initialized using 'CodeIgniter\Session\Handlers\FileHandler' driver.
INFO - 2024-04-15 18:30:02 --> Session: Class initialized using 'CodeIgniter\Session\Handlers\FileHandler' driver.
CRITICAL - 2024-04-15 18:30:02 --> ErrorException: Undefined array key "password"
in APPPATH\Views\cadastroUser.php on line 31.
 1 APPPATH\Views\cadastroUser.php(31): CodeIgniter\Debug\Exceptions->errorHandler(2, 'Undefined array key "password"', 'G:\\Users\\jeancampos\\Downloads\\framework-4.4.7\\framework-4.4.7\\app\\Views\\cadastroUser.php', 31)
 2 SYSTEMPATH\View\View.php(228): include('G:\\Users\\jeancampos\\Downloads\\framework-4.4.7\\framework-4.4.7\\app\\Views\\cadastroUser.php')
 3 SYSTEMPATH\View\View.php(231): CodeIgniter\View\View->CodeIgniter\View\{closure}()
 4 SYSTEMPATH\Common.php(1178): CodeIgniter\View\View->render('cadastroUser', [], true)
 5 APPPATH\Controllers\ActionsCRUD.php(9): view('cadastroUser')
 6 SYSTEMPATH\CodeIgniter.php(943): App\Controllers\ActionsCRUD->index()
 7 SYSTEMPATH\CodeIgniter.php(503): CodeIgniter\CodeIgniter->runController(Object(App\Controllers\ActionsCRUD))
 8 SYSTEMPATH\CodeIgniter.php(361): CodeIgniter\CodeIgniter->handleRequest(null, Object(Config\Cache), false)
 9 FCPATH\index.php(79): CodeIgniter\CodeIgniter->run()
INFO - 2024-04-15 18:34:06 --> Session: Class initialized using 'CodeIgniter\Session\Handlers\FileHandler' driver.
INFO - 2024-04-15 18:34:10 --> Session: Class initialized using 'CodeIgniter\Session\Handlers\FileHandler' driver.
INFO - 2024-04-15 18:34:10 --> Session: Class initialized using 'CodeIgniter\Session\Handlers\FileHandler' driver.
CRITICAL - 2024-04-15 18:34:10 --> ErrorException: Undefined array key "password"
in APPPATH\Views\cadastroUser.php on line 31.
 1 APPPATH\Views\cadastroUser.php(31): CodeIgniter\Debug\Exceptions->errorHandler(2, 'Undefined array key "password"', 'G:\\Users\\jeancampos\\Downloads\\framework-4.4.7\\framework-4.4.7\\app\\Views\\cadastroUser.php', 31)
 2 SYSTEMPATH\View\View.php(228): include('G:\\Users\\jeancampos\\Downloads\\framework-4.4.7\\framework-4.4.7\\app\\Views\\cadastroUser.php')
 3 SYSTEMPATH\View\View.php(231): CodeIgniter\View\View->CodeIgniter\View\{closure}()
 4 SYSTEMPATH\Common.php(1178): CodeIgniter\View\View->render('cadastroUser', [], true)
 5 APPPATH\Controllers\ActionsCRUD.php(9): view('cadastroUser')
 6 SYSTEMPATH\CodeIgniter.php(943): App\Controllers\ActionsCRUD->index()
 7 SYSTEMPATH\CodeIgniter.php(503): CodeIgniter\CodeIgniter->runController(Object(App\Controllers\ActionsCRUD))
 8 SYSTEMPATH\CodeIgniter.php(361): CodeIgniter\CodeIgniter->handleRequest(null, Object(Config\Cache), false)
 9 FCPATH\index.php(79): CodeIgniter\CodeIgniter->run()
INFO - 2024-04-15 18:34:12 --> Session: Class initialized using 'CodeIgniter\Session\Handlers\FileHandler' driver.
INFO - 2024-04-15 18:34:13 --> Session: Class initialized using 'CodeIgniter\Session\Handlers\FileHandler' driver.
INFO - 2024-04-15 18:34:18 --> Session: Class initialized using 'CodeIgniter\Session\Handlers\FileHandler' driver.
INFO - 2024-04-15 18:34:18 --> Session: Class initialized using 'CodeIgniter\Session\Handlers\FileHandler' driver.
CRITICAL - 2024-04-15 18:34:18 --> ErrorException: Undefined array key "password"
in APPPATH\Views\cadastroUser.php on line 31.
 1 APPPATH\Views\cadastroUser.php(31): CodeIgniter\Debug\Exceptions->errorHandler(2, 'Undefined array key "password"', 'G:\\Users\\jeancampos\\Downloads\\framework-4.4.7\\framework-4.4.7\\app\\Views\\cadastroUser.php', 31)
 2 SYSTEMPATH\View\View.php(228): include('G:\\Users\\jeancampos\\Downloads\\framework-4.4.7\\framework-4.4.7\\app\\Views\\cadastroUser.php')
 3 SYSTEMPATH\View\View.php(231): CodeIgniter\View\View->CodeIgniter\View\{closure}()
 4 SYSTEMPATH\Common.php(1178): CodeIgniter\View\View->render('cadastroUser', [], true)
 5 APPPATH\Controllers\ActionsCRUD.php(9): view('cadastroUser')
 6 SYSTEMPATH\CodeIgniter.php(943): App\Controllers\ActionsCRUD->index()
 7 SYSTEMPATH\CodeIgniter.php(503): CodeIgniter\CodeIgniter->runController(Object(App\Controllers\ActionsCRUD))
 8 SYSTEMPATH\CodeIgniter.php(361): CodeIgniter\CodeIgniter->handleRequest(null, Object(Config\Cache), false)
 9 FCPATH\index.php(79): CodeIgniter\CodeIgniter->run()
INFO - 2024-04-15 18:34:20 --> Session: Class initialized using 'CodeIgniter\Session\Handlers\FileHandler' driver.
INFO - 2024-04-15 18:34:21 --> Session: Class initialized using 'CodeIgniter\Session\Handlers\FileHandler' driver.
INFO - 2024-04-15 18:34:22 --> Session: Class initialized using 'CodeIgniter\Session\Handlers\FileHandler' driver.
INFO - 2024-04-15 18:34:22 --> Session: Class initialized using 'CodeIgniter\Session\Handlers\FileHandler' driver.
CRITICAL - 2024-04-15 18:34:22 --> ErrorException: Undefined array key "password"
in APPPATH\Views\cadastroUser.php on line 31.
 1 APPPATH\Views\cadastroUser.php(31): CodeIgniter\Debug\Exceptions->errorHandler(2, 'Undefined array key "password"', 'G:\\Users\\jeancampos\\Downloads\\framework-4.4.7\\framework-4.4.7\\app\\Views\\cadastroUser.php', 31)
 2 SYSTEMPATH\View\View.php(228): include('G:\\Users\\jeancampos\\Downloads\\framework-4.4.7\\framework-4.4.7\\app\\Views\\cadastroUser.php')
 3 SYSTEMPATH\View\View.php(231): CodeIgniter\View\View->CodeIgniter\View\{closure}()
 4 SYSTEMPATH\Common.php(1178): CodeIgniter\View\View->render('cadastroUser', [], true)
 5 APPPATH\Controllers\ActionsCRUD.php(9): view('cadastroUser')
 6 SYSTEMPATH\CodeIgniter.php(943): App\Controllers\ActionsCRUD->index()
 7 SYSTEMPATH\CodeIgniter.php(503): CodeIgniter\CodeIgniter->runController(Object(App\Controllers\ActionsCRUD))
 8 SYSTEMPATH\CodeIgniter.php(361): CodeIgniter\CodeIgniter->handleRequest(null, Object(Config\Cache), false)
 9 FCPATH\index.php(79): CodeIgniter\CodeIgniter->run()
INFO - 2024-04-15 18:34:23 --> Session: Class initialized using 'CodeIgniter\Session\Handlers\FileHandler' driver.
INFO - 2024-04-15 18:34:37 --> Session: Class initialized using 'CodeIgniter\Session\Handlers\FileHandler' driver.
INFO - 2024-04-15 18:34:38 --> Session: Class initialized using 'CodeIgniter\Session\Handlers\FileHandler' driver.
INFO - 2024-04-15 18:34:38 --> Session: Class initialized using 'CodeIgniter\Session\Handlers\FileHandler' driver.
CRITICAL - 2024-04-15 18:34:38 --> ErrorException: Undefined array key "password"
in APPPATH\Views\cadastroUser.php on line 31.
 1 APPPATH\Views\cadastroUser.php(31): CodeIgniter\Debug\Exceptions->errorHandler(2, 'Undefined array key "password"', 'G:\\Users\\jeancampos\\Downloads\\framework-4.4.7\\framework-4.4.7\\app\\Views\\cadastroUser.php', 31)
 2 SYSTEMPATH\View\View.php(228): include('G:\\Users\\jeancampos\\Downloads\\framework-4.4.7\\framework-4.4.7\\app\\Views\\cadastroUser.php')
 3 SYSTEMPATH\View\View.php(231): CodeIgniter\View\View->CodeIgniter\View\{closure}()
 4 SYSTEMPATH\Common.php(1178): CodeIgniter\View\View->render('cadastroUser', [], true)
 5 APPPATH\Controllers\ActionsCRUD.php(9): view('cadastroUser')
 6 SYSTEMPATH\CodeIgniter.php(943): App\Controllers\ActionsCRUD->index()
 7 SYSTEMPATH\CodeIgniter.php(503): CodeIgniter\CodeIgniter->runController(Object(App\Controllers\ActionsCRUD))
 8 SYSTEMPATH\CodeIgniter.php(361): CodeIgniter\CodeIgniter->handleRequest(null, Object(Config\Cache), false)
 9 FCPATH\index.php(79): CodeIgniter\CodeIgniter->run()
INFO - 2024-04-15 18:36:10 --> Session: Class initialized using 'CodeIgniter\Session\Handlers\FileHandler' driver.
CRITICAL - 2024-04-15 18:36:10 --> ErrorException: Trying to access array offset on value of type null
in APPPATH\Views\cadastroUser.php on line 21.
 1 APPPATH\Views\cadastroUser.php(21): CodeIgniter\Debug\Exceptions->errorHandler(2, 'Trying to access array offset on value of type null', 'G:\\Users\\jeancampos\\Downloads\\framework-4.4.7\\framework-4.4.7\\app\\Views\\cadastroUser.php', 21)
 2 SYSTEMPATH\View\View.php(228): include('G:\\Users\\jeancampos\\Downloads\\framework-4.4.7\\framework-4.4.7\\app\\Views\\cadastroUser.php')
 3 SYSTEMPATH\View\View.php(231): CodeIgniter\View\View->CodeIgniter\View\{closure}()
 4 SYSTEMPATH\Common.php(1178): CodeIgniter\View\View->render('cadastroUser', [], true)
 5 APPPATH\Controllers\ActionsCRUD.php(9): view('cadastroUser')
 6 SYSTEMPATH\CodeIgniter.php(943): App\Controllers\ActionsCRUD->index()
 7 SYSTEMPATH\CodeIgniter.php(503): CodeIgniter\CodeIgniter->runController(Object(App\Controllers\ActionsCRUD))
 8 SYSTEMPATH\CodeIgniter.php(361): CodeIgniter\CodeIgniter->handleRequest(null, Object(Config\Cache), false)
 9 FCPATH\index.php(79): CodeIgniter\CodeIgniter->run()
INFO - 2024-04-15 18:36:19 --> Session: Class initialized using 'CodeIgniter\Session\Handlers\FileHandler' driver.
CRITICAL - 2024-04-15 18:36:19 --> ErrorException: Trying to access array offset on value of type null
in APPPATH\Views\cadastroUser.php on line 21.
 1 APPPATH\Views\cadastroUser.php(21): CodeIgniter\Debug\Exceptions->errorHandler(2, 'Trying to access array offset on value of type null', 'G:\\Users\\jeancampos\\Downloads\\framework-4.4.7\\framework-4.4.7\\app\\Views\\cadastroUser.php', 21)
 2 SYSTEMPATH\View\View.php(228): include('G:\\Users\\jeancampos\\Downloads\\framework-4.4.7\\framework-4.4.7\\app\\Views\\cadastroUser.php')
 3 SYSTEMPATH\View\View.php(231): CodeIgniter\View\View->CodeIgniter\View\{closure}()
 4 SYSTEMPATH\Common.php(1178): CodeIgniter\View\View->render('cadastroUser', [], true)
 5 APPPATH\Controllers\ActionsCRUD.php(9): view('cadastroUser')
 6 SYSTEMPATH\CodeIgniter.php(943): App\Controllers\ActionsCRUD->index()
 7 SYSTEMPATH\CodeIgniter.php(503): CodeIgniter\CodeIgniter->runController(Object(App\Controllers\ActionsCRUD))
 8 SYSTEMPATH\CodeIgniter.php(361): CodeIgniter\CodeIgniter->handleRequest(null, Object(Config\Cache), false)
 9 FCPATH\index.php(79): CodeIgniter\CodeIgniter->run()
INFO - 2024-04-15 18:36:20 --> Session: Class initialized using 'CodeIgniter\Session\Handlers\FileHandler' driver.
CRITICAL - 2024-04-15 18:36:20 --> ErrorException: Trying to access array offset on value of type null
in APPPATH\Views\cadastroUser.php on line 21.
 1 APPPATH\Views\cadastroUser.php(21): CodeIgniter\Debug\Exceptions->errorHandler(2, 'Trying to access array offset on value of type null', 'G:\\Users\\jeancampos\\Downloads\\framework-4.4.7\\framework-4.4.7\\app\\Views\\cadastroUser.php', 21)
 2 SYSTEMPATH\View\View.php(228): include('G:\\Users\\jeancampos\\Downloads\\framework-4.4.7\\framework-4.4.7\\app\\Views\\cadastroUser.php')
 3 SYSTEMPATH\View\View.php(231): CodeIgniter\View\View->CodeIgniter\View\{closure}()
 4 SYSTEMPATH\Common.php(1178): CodeIgniter\View\View->render('cadastroUser', [], true)
 5 APPPATH\Controllers\ActionsCRUD.php(9): view('cadastroUser')
 6 SYSTEMPATH\CodeIgniter.php(943): App\Controllers\ActionsCRUD->index()
 7 SYSTEMPATH\CodeIgniter.php(503): CodeIgniter\CodeIgniter->runController(Object(App\Controllers\ActionsCRUD))
 8 SYSTEMPATH\CodeIgniter.php(361): CodeIgniter\CodeIgniter->handleRequest(null, Object(Config\Cache), false)
 9 FCPATH\index.php(79): CodeIgniter\CodeIgniter->run()
INFO - 2024-04-15 18:36:21 --> Session: Class initialized using 'CodeIgniter\Session\Handlers\FileHandler' driver.
CRITICAL - 2024-04-15 18:36:21 --> ErrorException: Trying to access array offset on value of type null
in APPPATH\Views\cadastroUser.php on line 21.
 1 APPPATH\Views\cadastroUser.php(21): CodeIgniter\Debug\Exceptions->errorHandler(2, 'Trying to access array offset on value of type null', 'G:\\Users\\jeancampos\\Downloads\\framework-4.4.7\\framework-4.4.7\\app\\Views\\cadastroUser.php', 21)
 2 SYSTEMPATH\View\View.php(228): include('G:\\Users\\jeancampos\\Downloads\\framework-4.4.7\\framework-4.4.7\\app\\Views\\cadastroUser.php')
 3 SYSTEMPATH\View\View.php(231): CodeIgniter\View\View->CodeIgniter\View\{closure}()
 4 SYSTEMPATH\Common.php(1178): CodeIgniter\View\View->render('cadastroUser', [], true)
 5 APPPATH\Controllers\ActionsCRUD.php(9): view('cadastroUser')
 6 SYSTEMPATH\CodeIgniter.php(943): App\Controllers\ActionsCRUD->index()
 7 SYSTEMPATH\CodeIgniter.php(503): CodeIgniter\CodeIgniter->runController(Object(App\Controllers\ActionsCRUD))
 8 SYSTEMPATH\CodeIgniter.php(361): CodeIgniter\CodeIgniter->handleRequest(null, Object(Config\Cache), false)
 9 FCPATH\index.php(79): CodeIgniter\CodeIgniter->run()
INFO - 2024-04-15 18:36:37 --> Session: Class initialized using 'CodeIgniter\Session\Handlers\FileHandler' driver.
INFO - 2024-04-15 18:41:00 --> Session: Class initialized using 'CodeIgniter\Session\Handlers\FileHandler' driver.
CRITICAL - 2024-04-15 18:41:00 --> Error: Call to undefined function App\Controllers\errors()
in APPPATH\Controllers\ActionsCRUD.php on line 25.
 1 SYSTEMPATH\CodeIgniter.php(943): App\Controllers\ActionsCRUD->cadastrar()
 2 SYSTEMPATH\CodeIgniter.php(503): CodeIgniter\CodeIgniter->runController(Object(App\Controllers\ActionsCRUD))
 3 SYSTEMPATH\CodeIgniter.php(361): CodeIgniter\CodeIgniter->handleRequest(null, Object(Config\Cache), false)
 4 FCPATH\index.php(79): CodeIgniter\CodeIgniter->run()
INFO - 2024-04-15 18:41:11 --> Session: Class initialized using 'CodeIgniter\Session\Handlers\FileHandler' driver.
INFO - 2024-04-15 18:41:12 --> Session: Class initialized using 'CodeIgniter\Session\Handlers\FileHandler' driver.
INFO - 2024-04-15 18:41:12 --> Session: Class initialized using 'CodeIgniter\Session\Handlers\FileHandler' driver.
INFO - 2024-04-15 18:41:58 --> Session: Class initialized using 'CodeIgniter\Session\Handlers\FileHandler' driver.
INFO - 2024-04-15 18:42:42 --> Session: Class initialized using 'CodeIgniter\Session\Handlers\FileHandler' driver.
INFO - 2024-04-15 18:44:34 --> Session: Class initialized using 'CodeIgniter\Session\Handlers\FileHandler' driver.
INFO - 2024-04-15 18:44:35 --> Session: Class initialized using 'CodeIgniter\Session\Handlers\FileHandler' driver.
INFO - 2024-04-15 18:44:36 --> Session: Class initialized using 'CodeIgniter\Session\Handlers\FileHandler' driver.
INFO - 2024-04-15 18:46:20 --> Session: Class initialized using 'CodeIgniter\Session\Handlers\FileHandler' driver.
INFO - 2024-04-15 18:46:25 --> Session: Class initialized using 'CodeIgniter\Session\Handlers\FileHandler' driver.
INFO - 2024-04-15 18:46:26 --> Session: Class initialized using 'CodeIgniter\Session\Handlers\FileHandler' driver.
INFO - 2024-04-15 18:46:44 --> Session: Class initialized using 'CodeIgniter\Session\Handlers\FileHandler' driver.
INFO - 2024-04-15 18:46:45 --> Session: Class initialized using 'CodeIgniter\Session\Handlers\FileHandler' driver.
INFO - 2024-04-15 18:47:10 --> Session: Class initialized using 'CodeIgniter\Session\Handlers\FileHandler' driver.
INFO - 2024-04-15 18:47:19 --> Session: Class initialized using 'CodeIgniter\Session\Handlers\FileHandler' driver.
INFO - 2024-04-15 18:47:39 --> Session: Class initialized using 'CodeIgniter\Session\Handlers\FileHandler' driver.
INFO - 2024-04-15 18:47:40 --> Session: Class initialized using 'CodeIgniter\Session\Handlers\FileHandler' driver.
INFO - 2024-04-15 18:48:13 --> Session: Class initialized using 'CodeIgniter\Session\Handlers\FileHandler' driver.
INFO - 2024-04-15 18:48:13 --> Session: Class initialized using 'CodeIgniter\Session\Handlers\FileHandler' driver.
INFO - 2024-04-15 18:48:24 --> Session: Class initialized using 'CodeIgniter\Session\Handlers\FileHandler' driver.
INFO - 2024-04-15 18:48:24 --> Session: Class initialized using 'CodeIgniter\Session\Handlers\FileHandler' driver.
INFO - 2024-04-15 18:51:02 --> Session: Class initialized using 'CodeIgniter\Session\Handlers\FileHandler' driver.
INFO - 2024-04-15 18:51:03 --> Session: Class initialized using 'CodeIgniter\Session\Handlers\FileHandler' driver.
INFO - 2024-04-15 18:51:06 --> Session: Class initialized using 'CodeIgniter\Session\Handlers\FileHandler' driver.
INFO - 2024-04-15 18:51:10 --> Session: Class initialized using 'CodeIgniter\Session\Handlers\FileHandler' driver.
INFO - 2024-04-15 18:51:15 --> Session: Class initialized using 'CodeIgniter\Session\Handlers\FileHandler' driver.
INFO - 2024-04-15 18:51:33 --> Session: Class initialized using 'CodeIgniter\Session\Handlers\FileHandler' driver.
INFO - 2024-04-15 18:51:35 --> Session: Class initialized using 'CodeIgniter\Session\Handlers\FileHandler' driver.
INFO - 2024-04-15 18:51:35 --> Session: Class initialized using 'CodeIgniter\Session\Handlers\FileHandler' driver.
INFO - 2024-04-15 18:51:41 --> Session: Class initialized using 'CodeIgniter\Session\Handlers\FileHandler' driver.
INFO - 2024-04-15 18:51:42 --> Session: Class initialized using 'CodeIgniter\Session\Handlers\FileHandler' driver.
INFO - 2024-04-15 18:51:43 --> Session: Class initialized using 'CodeIgniter\Session\Handlers\FileHandler' driver.
INFO - 2024-04-15 18:51:43 --> Session: Class initialized using 'CodeIgniter\Session\Handlers\FileHandler' driver.
INFO - 2024-04-15 18:51:57 --> Session: Class initialized using 'CodeIgniter\Session\Handlers\FileHandler' driver.
INFO - 2024-04-15 18:52:01 --> Session: Class initialized using 'CodeIgniter\Session\Handlers\FileHandler' driver.
INFO - 2024-04-15 18:52:01 --> Session: Class initialized using 'CodeIgniter\Session\Handlers\FileHandler' driver.
INFO - 2024-04-15 18:52:20 --> Session: Class initialized using 'CodeIgniter\Session\Handlers\FileHandler' driver.
INFO - 2024-04-15 18:52:24 --> Session: Class initialized using 'CodeIgniter\Session\Handlers\FileHandler' driver.
INFO - 2024-04-15 18:52:24 --> Session: Class initialized using 'CodeIgniter\Session\Handlers\FileHandler' driver.
INFO - 2024-04-15 18:53:27 --> Session: Class initialized using 'CodeIgniter\Session\Handlers\FileHandler' driver.
INFO - 2024-04-15 18:54:24 --> Session: Class initialized using 'CodeIgniter\Session\Handlers\FileHandler' driver.
INFO - 2024-04-15 18:56:13 --> Session: Class initialized using 'CodeIgniter\Session\Handlers\FileHandler' driver.
INFO - 2024-04-15 19:00:51 --> Session: Class initialized using 'CodeIgniter\Session\Handlers\FileHandler' driver.
INFO - 2024-04-15 19:01:38 --> Session: Class initialized using 'CodeIgniter\Session\Handlers\FileHandler' driver.
INFO - 2024-04-15 19:03:26 --> Session: Class initialized using 'CodeIgniter\Session\Handlers\FileHandler' driver.
INFO - 2024-04-15 19:03:29 --> Session: Class initialized using 'CodeIgniter\Session\Handlers\FileHandler' driver.
INFO - 2024-04-15 19:04:13 --> Session: Class initialized using 'CodeIgniter\Session\Handlers\FileHandler' driver.
INFO - 2024-04-15 19:04:15 --> Session: Class initialized using 'CodeIgniter\Session\Handlers\FileHandler' driver.
INFO - 2024-04-15 19:04:30 --> Session: Class initialized using 'CodeIgniter\Session\Handlers\FileHandler' driver.
INFO - 2024-04-15 19:04:33 --> Session: Class initialized using 'CodeIgniter\Session\Handlers\FileHandler' driver.
INFO - 2024-04-15 19:04:54 --> Session: Class initialized using 'CodeIgniter\Session\Handlers\FileHandler' driver.
INFO - 2024-04-15 19:04:56 --> Session: Class initialized using 'CodeIgniter\Session\Handlers\FileHandler' driver.
INFO - 2024-04-15 19:07:18 --> Session: Class initialized using 'CodeIgniter\Session\Handlers\FileHandler' driver.
INFO - 2024-04-15 19:07:35 --> Session: Class initialized using 'CodeIgniter\Session\Handlers\FileHandler' driver.
INFO - 2024-04-15 19:08:19 --> Session: Class initialized using 'CodeIgniter\Session\Handlers\FileHandler' driver.
INFO - 2024-04-15 19:08:37 --> Session: Class initialized using 'CodeIgniter\Session\Handlers\FileHandler' driver.
INFO - 2024-04-15 19:08:55 --> Session: Class initialized using 'CodeIgniter\Session\Handlers\FileHandler' driver.
INFO - 2024-04-15 19:09:16 --> Session: Class initialized using 'CodeIgniter\Session\Handlers\FileHandler' driver.
INFO - 2024-04-15 19:10:12 --> Session: Class initialized using 'CodeIgniter\Session\Handlers\FileHandler' driver.
INFO - 2024-04-15 19:10:48 --> Session: Class initialized using 'CodeIgniter\Session\Handlers\FileHandler' driver.
INFO - 2024-04-15 19:10:58 --> Session: Class initialized using 'CodeIgniter\Session\Handlers\FileHandler' driver.
INFO - 2024-04-15 19:11:03 --> Session: Class initialized using 'CodeIgniter\Session\Handlers\FileHandler' driver.
CRITICAL - 2024-04-15 19:21:10 --> Error: Call to a member function paginate() on array
in APPPATH\Controllers\ActionsCRUD.php on line 31.
 1 SYSTEMPATH\CodeIgniter.php(943): App\Controllers\ActionsCRUD->select()
 2 SYSTEMPATH\CodeIgniter.php(503): CodeIgniter\CodeIgniter->runController(Object(App\Controllers\ActionsCRUD))
 3 SYSTEMPATH\CodeIgniter.php(361): CodeIgniter\CodeIgniter->handleRequest(null, Object(Config\Cache), false)
 4 FCPATH\index.php(79): CodeIgniter\CodeIgniter->run()
CRITICAL - 2024-04-15 19:22:20 --> Error: Call to undefined method CodeIgniter\Database\SQLite3\Result::paginate()
in APPPATH\Controllers\ActionsCRUD.php on line 31.
 1 SYSTEMPATH\CodeIgniter.php(943): App\Controllers\ActionsCRUD->select()
 2 SYSTEMPATH\CodeIgniter.php(503): CodeIgniter\CodeIgniter->runController(Object(App\Controllers\ActionsCRUD))
 3 SYSTEMPATH\CodeIgniter.php(361): CodeIgniter\CodeIgniter->handleRequest(null, Object(Config\Cache), false)
 4 FCPATH\index.php(79): CodeIgniter\CodeIgniter->run()
INFO - 2024-04-15 19:23:17 --> Session: Class initialized using 'CodeIgniter\Session\Handlers\FileHandler' driver.
INFO - 2024-04-15 19:23:26 --> Session: Class initialized using 'CodeIgniter\Session\Handlers\FileHandler' driver.
INFO - 2024-04-15 19:23:26 --> Session: Class initialized using 'CodeIgniter\Session\Handlers\FileHandler' driver.
INFO - 2024-04-15 19:23:32 --> Session: Class initialized using 'CodeIgniter\Session\Handlers\FileHandler' driver.
INFO - 2024-04-15 19:23:55 --> Session: Class initialized using 'CodeIgniter\Session\Handlers\FileHandler' driver.
INFO - 2024-04-15 19:23:55 --> Session: Class initialized using 'CodeIgniter\Session\Handlers\FileHandler' driver.
INFO - 2024-04-15 19:24:06 --> Session: Class initialized using 'CodeIgniter\Session\Handlers\FileHandler' driver.
INFO - 2024-04-15 19:24:06 --> Session: Class initialized using 'CodeIgniter\Session\Handlers\FileHandler' driver.
INFO - 2024-04-15 19:24:13 --> Session: Class initialized using 'CodeIgniter\Session\Handlers\FileHandler' driver.
INFO - 2024-04-15 19:24:13 --> Session: Class initialized using 'CodeIgniter\Session\Handlers\FileHandler' driver.
INFO - 2024-04-15 19:24:23 --> Session: Class initialized using 'CodeIgniter\Session\Handlers\FileHandler' driver.
INFO - 2024-04-15 19:25:30 --> Session: Class initialized using 'CodeIgniter\Session\Handlers\FileHandler' driver.
INFO - 2024-04-15 19:26:10 --> Session: Class initialized using 'CodeIgniter\Session\Handlers\FileHandler' driver.
INFO - 2024-04-15 19:26:22 --> Session: Class initialized using 'CodeIgniter\Session\Handlers\FileHandler' driver.
INFO - 2024-04-15 19:26:22 --> Session: Class initialized using 'CodeIgniter\Session\Handlers\FileHandler' driver.
INFO - 2024-04-15 19:26:37 --> Session: Class initialized using 'CodeIgniter\Session\Handlers\FileHandler' driver.
INFO - 2024-04-15 19:28:21 --> Session: Class initialized using 'CodeIgniter\Session\Handlers\FileHandler' driver.
INFO - 2024-04-15 19:28:24 --> Session: Class initialized using 'CodeIgniter\Session\Handlers\FileHandler' driver.
INFO - 2024-04-15 19:28:24 --> Session: Class initialized using 'CodeIgniter\Session\Handlers\FileHandler' driver.
INFO - 2024-04-15 19:30:06 --> Session: Class initialized using 'CodeIgniter\Session\Handlers\FileHandler' driver.
INFO - 2024-04-15 19:30:12 --> Session: Class initialized using 'CodeIgniter\Session\Handlers\FileHandler' driver.
INFO - 2024-04-15 19:34:03 --> Session: Class initialized using 'CodeIgniter\Session\Handlers\FileHandler' driver.
INFO - 2024-04-15 19:34:26 --> Session: Class initialized using 'CodeIgniter\Session\Handlers\FileHandler' driver.
INFO - 2024-04-15 19:34:29 --> Session: Class initialized using 'CodeIgniter\Session\Handlers\FileHandler' driver.
INFO - 2024-04-15 19:35:37 --> Session: Class initialized using 'CodeIgniter\Session\Handlers\FileHandler' driver.
INFO - 2024-04-15 19:56:54 --> Session: Class initialized using 'CodeIgniter\Session\Handlers\FileHandler' driver.
