CRITICAL - 2024-04-05 18:30:58 --> CodeIgniter\Exceptions\FrameworkException: The framework needs the following extension(s) installed and loaded: intl.
in SYSTEMPATH\CodeIgniter.php on line 252.
 1 SYSTEMPATH\CodeIgniter.php(252): CodeIgniter\Exceptions\FrameworkException::forMissingExtension('intl')
 2 SYSTEMPATH\CodeIgniter.php(214): CodeIgniter\CodeIgniter->resolvePlatformExtensions()
 3 FCPATH\index.php(67): CodeIgniter\CodeIgniter->initialize()
CRITICAL - 2024-04-05 18:31:26 --> CodeIgniter\Exceptions\FrameworkException: The framework needs the following extension(s) installed and loaded: intl.
in SYSTEMPATH\CodeIgniter.php on line 252.
 1 SYSTEMPATH\CodeIgniter.php(252): CodeIgniter\Exceptions\FrameworkException::forMissingExtension('intl')
 2 SYSTEMPATH\CodeIgniter.php(214): CodeIgniter\CodeIgniter->resolvePlatformExtensions()
 3 FCPATH\index.php(67): CodeIgniter\CodeIgniter->initialize()
CRITICAL - 2024-04-05 18:31:26 --> ErrorException: Uncaught Error: Class "Locale" not found in G:\Users\jeancampos\Downloads\framework-4.4.7\framework-4.4.7\system\Helpers\number_helper.php:137
Stack trace:
#0 G:\Users\jeancampos\Downloads\framework-4.4.7\framework-4.4.7\system\Helpers\number_helper.php(56): format_number(6.0, 2, NULL, Array)
#1 G:\Users\jeancampos\Downloads\framework-4.4.7\framework-4.4.7\system\Debug\BaseExceptionHandler.php(152): number_to_size(6.0, 2)
#2 G:\Users\jeancampos\Downloads\framework-4.4.7\framework-4.4.7\app\Views\errors\html\error_exception.php(390): CodeIgniter\Debug\BaseExceptionHandler::describeMemory(6291456)
#3 G:\Users\jeancampos\Downloads\framework-4.4.7\framework-4.4.7\system\Debug\BaseExceptionHandler.php(258): include('G:\\Users\\jeanca...')
#4 G:\Users\jeancampos\Downloads\framework-4.4.7\framework-4.4.7\system\Debug\BaseExceptionHandler.php(261): CodeIgniter\Debug\BaseExceptionHandler->CodeIgniter\Debug\{closure}()
#5 G:\Users\jeancampos\Downloads\framework-4.4.7\framework-4.4.7\system\Debug\ExceptionHandler.php(112): CodeIgniter\Debug\BaseExceptionHandler->render(Object(CodeIgniter\Exceptions\FrameworkException), 500, 'G:\\Users\\jeanca...')
#6 G:\Users\jeancampos\Downloads\framework-4.4.7\framework-4.4.7\system\Debug\Exceptions.php(157): CodeIgniter\Debug\ExceptionHandler->handle(Object(CodeIgniter\Exceptions\FrameworkException), Object(CodeIgniter\HTTP\IncomingRequest), Object(CodeIgniter\HTTP\Response), 500, 1)
#7 [internal function]: CodeIgniter\Debug\Exceptions->exceptionHandler(Object(CodeIgniter\Exceptions\FrameworkException))
#8 {main}
  thrown
【Previous Exception】
CodeIgniter\Exceptions\FrameworkException
The framework needs the following extension(s) installed and loaded: intl.
#0 G:\Users\jeancampos\Downloads\framework-4.4.7\framework-4.4.7\system\CodeIgniter.php(252): CodeIgniter\Exceptions\FrameworkException::forMissingExtension('intl')
#1 G:\Users\jeancampos\Downloads\framework-4.4.7\framework-4.4.7\system\CodeIgniter.php(214): CodeIgniter\CodeIgniter->resolvePlatformExtensions()
#2 G:\Users\jeancampos\Downloads\framework-4.4.7\framework-4.4.7\public\index.php(67): CodeIgniter\CodeIgniter->initialize()
#3 {main}
in SYSTEMPATH\Helpers\number_helper.php on line 137.
 1 [internal function]: CodeIgniter\Debug\Exceptions->shutdownHandler()
